This is pdfTeX, Version 3.14159265-2.6-1.40.16 (TeX Live 2015) (preloaded format=pdflatex 2015.5.24)  11 MAR 2016 15:15
entering extended mode
 restricted \write18 enabled.
 %&-line parsing enabled.
**DatabaseTableDescriptions.tex
(./DatabaseTableDescriptions.tex
LaTeX2e <2015/01/01>
Babel <3.9l> and hyphenation patterns for 79 languages loaded.
(/usr/local/texlive/2015/texmf-dist/tex/latex/base/article.cls
Document Class: article 2014/09/29 v1.4h Standard LaTeX document class
(/usr/local/texlive/2015/texmf-dist/tex/latex/base/size12.clo
File: size12.clo 2014/09/29 v1.4h Standard LaTeX file (size option)
)
\c@part=\count79
\c@section=\count80
\c@subsection=\count81
\c@subsubsection=\count82
\c@paragraph=\count83
\c@subparagraph=\count84
\c@figure=\count85
\c@table=\count86
\abovecaptionskip=\skip41
\belowcaptionskip=\skip42
\bibindent=\dimen102
)
(/usr/local/texlive/2015/texmf-dist/tex/latex/parskip/parskip.sty
Package: parskip 2001/04/09 non-zero parskip adjustments
)
(/usr/local/texlive/2015/texmf-dist/tex/latex/enumitem/enumitem.sty
Package: enumitem 2011/09/28 v3.5.2 Customized lists
\enitkv@toks@=\toks14
\labelindent=\skip43
\enit@outerparindent=\dimen103
\enit@toks=\toks15
\enit@inbox=\box26
\enitdp@description=\count87
)
(/usr/local/texlive/2015/texmf-dist/tex/latex/setspace/setspace.sty
Package: setspace 2011/12/19 v6.7a set line spacing
)
(/usr/local/texlive/2015/texmf-dist/tex/latex/graphics/graphicx.sty
Package: graphicx 2014/10/28 v1.0g Enhanced LaTeX Graphics (DPC,SPQR)

(/usr/local/texlive/2015/texmf-dist/tex/latex/graphics/keyval.sty
Package: keyval 2014/10/28 v1.15 key=value parser (DPC)
\KV@toks@=\toks16
)
(/usr/local/texlive/2015/texmf-dist/tex/latex/graphics/graphics.sty
Package: graphics 2014/10/28 v1.0p Standard LaTeX Graphics (DPC,SPQR)

(/usr/local/texlive/2015/texmf-dist/tex/latex/graphics/trig.sty
Package: trig 1999/03/16 v1.09 sin cos tan (DPC)
)
(/usr/local/texlive/2015/texmf-dist/tex/latex/latexconfig/graphics.cfg
File: graphics.cfg 2010/04/23 v1.9 graphics configuration of TeX Live
)
Package graphics Info: Driver file: pdftex.def on input line 94.

(/usr/local/texlive/2015/texmf-dist/tex/latex/pdftex-def/pdftex.def
File: pdftex.def 2011/05/27 v0.06d Graphics/color for pdfTeX

(/usr/local/texlive/2015/texmf-dist/tex/generic/oberdiek/infwarerr.sty
Package: infwarerr 2010/04/08 v1.3 Providing info/warning/error messages (HO)
)
(/usr/local/texlive/2015/texmf-dist/tex/generic/oberdiek/ltxcmds.sty
Package: ltxcmds 2011/11/09 v1.22 LaTeX kernel commands for general use (HO)
)
\Gread@gobject=\count88
))
\Gin@req@height=\dimen104
\Gin@req@width=\dimen105
)
(/usr/local/texlive/2015/texmf-dist/tex/latex/geometry/geometry.sty
Package: geometry 2010/09/12 v5.6 Page Geometry

(/usr/local/texlive/2015/texmf-dist/tex/generic/oberdiek/ifpdf.sty
Package: ifpdf 2011/01/30 v2.3 Provides the ifpdf switch (HO)
Package ifpdf Info: pdfTeX in PDF mode is detected.
)
(/usr/local/texlive/2015/texmf-dist/tex/generic/oberdiek/ifvtex.sty
Package: ifvtex 2010/03/01 v1.5 Detect VTeX and its facilities (HO)
Package ifvtex Info: VTeX not detected.
)
(/usr/local/texlive/2015/texmf-dist/tex/generic/ifxetex/ifxetex.sty
Package: ifxetex 2010/09/12 v0.6 Provides ifxetex conditional
)
\Gm@cnth=\count89
\Gm@cntv=\count90
\c@Gm@tempcnt=\count91
\Gm@bindingoffset=\dimen106
\Gm@wd@mp=\dimen107
\Gm@odd@mp=\dimen108
\Gm@even@mp=\dimen109
\Gm@layoutwidth=\dimen110
\Gm@layoutheight=\dimen111
\Gm@layouthoffset=\dimen112
\Gm@layoutvoffset=\dimen113
\Gm@dimlist=\toks17
)
(/usr/local/texlive/2015/texmf-dist/tex/latex/hyphenat/hyphenat.sty
Package: hyphenat 2009/09/02 v2.3c hyphenation utilities
\langwohyphens=\language80
LaTeX Info: Redefining \_ on input line 43.
)
(./DatabaseTableDescriptions.aux)
\openout1 = `DatabaseTableDescriptions.aux'.

LaTeX Font Info:    Checking defaults for OML/cmm/m/it on input line 47.
LaTeX Font Info:    ... okay on input line 47.
LaTeX Font Info:    Checking defaults for T1/cmr/m/n on input line 47.
LaTeX Font Info:    ... okay on input line 47.
LaTeX Font Info:    Checking defaults for OT1/cmr/m/n on input line 47.
LaTeX Font Info:    ... okay on input line 47.
LaTeX Font Info:    Checking defaults for OMS/cmsy/m/n on input line 47.
LaTeX Font Info:    ... okay on input line 47.
LaTeX Font Info:    Checking defaults for OMX/cmex/m/n on input line 47.
LaTeX Font Info:    ... okay on input line 47.
LaTeX Font Info:    Checking defaults for U/cmr/m/n on input line 47.
LaTeX Font Info:    ... okay on input line 47.

(/usr/local/texlive/2015/texmf-dist/tex/context/base/supp-pdf.mkii
[Loading MPS to PDF converter (version 2006.09.02).]
\scratchcounter=\count92
\scratchdimen=\dimen114
\scratchbox=\box27
\nofMPsegments=\count93
\nofMParguments=\count94
\everyMPshowfont=\toks18
\MPscratchCnt=\count95
\MPscratchDim=\dimen115
\MPnumerator=\count96
\makeMPintoPDFobject=\count97
\everyMPtoPDFconversion=\toks19
) (/usr/local/texlive/2015/texmf-dist/tex/generic/oberdiek/pdftexcmds.sty
Package: pdftexcmds 2011/11/29 v0.20 Utility functions of pdfTeX for LuaTeX (HO
)

(/usr/local/texlive/2015/texmf-dist/tex/generic/oberdiek/ifluatex.sty
Package: ifluatex 2010/03/01 v1.3 Provides the ifluatex switch (HO)
Package ifluatex Info: LuaTeX not detected.
)
Package pdftexcmds Info: LuaTeX not detected.
Package pdftexcmds Info: \pdf@primitive is available.
Package pdftexcmds Info: \pdf@ifprimitive is available.
Package pdftexcmds Info: \pdfdraftmode found.
)
(/usr/local/texlive/2015/texmf-dist/tex/latex/oberdiek/epstopdf-base.sty
Package: epstopdf-base 2010/02/09 v2.5 Base part for package epstopdf

(/usr/local/texlive/2015/texmf-dist/tex/latex/oberdiek/grfext.sty
Package: grfext 2010/08/19 v1.1 Manage graphics extensions (HO)

(/usr/local/texlive/2015/texmf-dist/tex/generic/oberdiek/kvdefinekeys.sty
Package: kvdefinekeys 2011/04/07 v1.3 Define keys (HO)
))
(/usr/local/texlive/2015/texmf-dist/tex/latex/oberdiek/kvoptions.sty
Package: kvoptions 2011/06/30 v3.11 Key value format for package options (HO)

(/usr/local/texlive/2015/texmf-dist/tex/generic/oberdiek/kvsetkeys.sty
Package: kvsetkeys 2012/04/25 v1.16 Key value parser (HO)

(/usr/local/texlive/2015/texmf-dist/tex/generic/oberdiek/etexcmds.sty
Package: etexcmds 2011/02/16 v1.5 Avoid name clashes with e-TeX commands (HO)
Package etexcmds Info: Could not find \expanded.
(etexcmds)             That can mean that you are not using pdfTeX 1.50 or
(etexcmds)             that some package has redefined \expanded.
(etexcmds)             In the latter case, load this package earlier.
)))
Package grfext Info: Graphics extension search list:
(grfext)             [.png,.pdf,.jpg,.mps,.jpeg,.jbig2,.jb2,.PNG,.PDF,.JPG,.JPE
G,.JBIG2,.JB2,.eps]
(grfext)             \AppendGraphicsExtensions on input line 452.

(/usr/local/texlive/2015/texmf-dist/tex/latex/latexconfig/epstopdf-sys.cfg
File: epstopdf-sys.cfg 2010/07/13 v1.3 Configuration of (r)epstopdf for TeX Liv
e
))
*geometry* driver: auto-detecting
*geometry* detected driver: pdftex
*geometry* verbose mode - [ preamble ] result:
* driver: pdftex
* paper: <default>
* layout: <same size as paper>
* layoutoffset:(h,v)=(0.0pt,0.0pt)
* modes: 
* h-part:(L,W,R)=(72.26999pt, 469.75502pt, 72.26999pt)
* v-part:(T,H,B)=(72.26999pt, 650.43001pt, 72.26999pt)
* \paperwidth=614.295pt
* \paperheight=794.96999pt
* \textwidth=469.75502pt
* \textheight=650.43001pt
* \oddsidemargin=0.0pt
* \evensidemargin=0.0pt
* \topmargin=-37.0pt
* \headheight=12.0pt
* \headsep=25.0pt
* \topskip=12.0pt
* \footskip=30.0pt
* \marginparwidth=44.0pt
* \marginparsep=10.0pt
* \columnsep=10.0pt
* \skip\footins=10.8pt plus 4.0pt minus 2.0pt
* \hoffset=0.0pt
* \voffset=0.0pt
* \mag=1000
* \@twocolumnfalse
* \@twosidefalse
* \@mparswitchfalse
* \@reversemarginfalse
* (1in=72.27pt=25.4mm, 1cm=28.453pt)

LaTeX Font Info:    External font `cmex10' loaded for size
(Font)              <12> on input line 83.
LaTeX Font Info:    External font `cmex10' loaded for size
(Font)              <8> on input line 83.
LaTeX Font Info:    External font `cmex10' loaded for size
(Font)              <6> on input line 83.
[1

{/usr/local/texlive/2015/texmf-var/fonts/map/pdftex/updmap/pdftex.map}]
(./DatabaseTableDescriptions.toc [1])
\tf@toc=\write3
\openout3 = `DatabaseTableDescriptions.toc'.

 [2]
Underfull \hbox (badness 10000) in paragraph at lines 119--123

 []


Underfull \hbox (badness 10000) in paragraph at lines 119--123

 []


Underfull \hbox (badness 10000) in paragraph at lines 119--123

 []


Underfull \hbox (badness 10000) in paragraph at lines 125--129

 []

[3]
Underfull \hbox (badness 10000) in paragraph at lines 142--146

 []


Underfull \hbox (badness 10000) in paragraph at lines 142--146

 []


Underfull \hbox (badness 10000) in paragraph at lines 142--146

 []


Underfull \hbox (badness 10000) in paragraph at lines 148--152

 []


Underfull \hbox (badness 10000) in paragraph at lines 148--152

 []


Underfull \hbox (badness 10000) in paragraph at lines 148--152

 []


Underfull \hbox (badness 10000) in paragraph at lines 154--159

 []


Underfull \hbox (badness 10000) in paragraph at lines 154--159

 []


Underfull \hbox (badness 10000) in paragraph at lines 154--159

 []


Underfull \hbox (badness 10000) in paragraph at lines 161--166

 []


Underfull \hbox (badness 10000) in paragraph at lines 161--166

 []


Underfull \hbox (badness 10000) in paragraph at lines 161--166

 []


Underfull \hbox (badness 10000) in paragraph at lines 168--172

 []


Underfull \hbox (badness 10000) in paragraph at lines 168--172

 []


Underfull \hbox (badness 10000) in paragraph at lines 168--172

 []


Underfull \hbox (badness 10000) in paragraph at lines 174--178

 []


Underfull \hbox (badness 10000) in paragraph at lines 174--178

 []


Underfull \hbox (badness 10000) in paragraph at lines 174--178

 []

[4]
Underfull \hbox (badness 10000) in paragraph at lines 180--184

 []


Underfull \hbox (badness 10000) in paragraph at lines 180--184

 []


Underfull \hbox (badness 10000) in paragraph at lines 180--184

 []


Underfull \hbox (badness 10000) in paragraph at lines 186--191

 []


Underfull \hbox (badness 10000) in paragraph at lines 186--191

 []


Underfull \hbox (badness 10000) in paragraph at lines 186--191

 []


Underfull \hbox (badness 10000) in paragraph at lines 193--198

 []


Underfull \hbox (badness 10000) in paragraph at lines 193--198

 []


Underfull \hbox (badness 10000) in paragraph at lines 193--198

 []


Underfull \hbox (badness 10000) in paragraph at lines 200--204

 []


Underfull \hbox (badness 10000) in paragraph at lines 200--204

 []


Underfull \hbox (badness 10000) in paragraph at lines 200--204

 []

[5] [6]
Underfull \hbox (badness 10000) in paragraph at lines 224--248

 []


Underfull \hbox (badness 10000) in paragraph at lines 224--248

 []


Underfull \hbox (badness 10000) in paragraph at lines 224--248

 []


Underfull \hbox (badness 10000) in paragraph at lines 224--248

 []


Underfull \hbox (badness 10000) in paragraph at lines 224--248

 []


Overfull \hbox (17.84633pt too wide) in paragraph at lines 224--248
\OT1/cmr/bx/n/12 Description: \OT1/cmr/m/n/12 A dou-ble-ing point num-ber rep-r
e-sent-ing the lat-i-tu-di-nal po-si-tion of the in-ter-sec-tion. 
 []


Underfull \hbox (badness 10000) in paragraph at lines 224--248

 []


Underfull \hbox (badness 10000) in paragraph at lines 224--248

 []

[7]
Underfull \hbox (badness 10000) in paragraph at lines 261--276

 []


Underfull \hbox (badness 10000) in paragraph at lines 261--276

 []


Underfull \hbox (badness 10000) in paragraph at lines 261--276

 []


Underfull \hbox (badness 10000) in paragraph at lines 261--276

 []


Underfull \hbox (badness 10000) in paragraph at lines 261--276

 []

[8]
Underfull \hbox (badness 10000) in paragraph at lines 292--329

 []


Underfull \hbox (badness 10000) in paragraph at lines 292--329

 []


Underfull \hbox (badness 10000) in paragraph at lines 292--329

 []


Underfull \hbox (badness 10000) in paragraph at lines 292--329

 []


Underfull \hbox (badness 10000) in paragraph at lines 292--329

 []


Underfull \hbox (badness 10000) in paragraph at lines 292--329

 []


Underfull \hbox (badness 10000) in paragraph at lines 292--329

 []


Underfull \hbox (badness 10000) in paragraph at lines 292--329

 []


Underfull \hbox (badness 10000) in paragraph at lines 292--329

 []


Underfull \hbox (badness 10000) in paragraph at lines 292--329

 []


Underfull \hbox (badness 10000) in paragraph at lines 292--329

 []

[9] [10]
Underfull \hbox (badness 10000) in paragraph at lines 346--378

 []


Underfull \hbox (badness 10000) in paragraph at lines 346--378

 []


Underfull \hbox (badness 10000) in paragraph at lines 346--378

 []


Underfull \hbox (badness 10000) in paragraph at lines 346--378

 []


Underfull \hbox (badness 10000) in paragraph at lines 346--378

 []


Underfull \hbox (badness 10000) in paragraph at lines 346--378

 []


Underfull \hbox (badness 10000) in paragraph at lines 346--378

 []


Underfull \hbox (badness 10000) in paragraph at lines 346--378

 []


Underfull \hbox (badness 10000) in paragraph at lines 346--378

 []

[11]
! Undefined control sequence.
<recently read> \texbf 
                       
l.417 \texbf
            {Can in be Null:} No\\
? r
OK, entering \nonstopmode...

Underfull \hbox (badness 10000) in paragraph at lines 390--439

 []


Underfull \hbox (badness 10000) in paragraph at lines 390--439

 []


Underfull \hbox (badness 10000) in paragraph at lines 390--439

 []


Underfull \hbox (badness 10000) in paragraph at lines 390--439

 []


Underfull \hbox (badness 10000) in paragraph at lines 390--439

 []


Underfull \hbox (badness 10000) in paragraph at lines 390--439

 []


Underfull \hbox (badness 10000) in paragraph at lines 390--439

 []


Underfull \hbox (badness 10000) in paragraph at lines 390--439

 []


Underfull \hbox (badness 10000) in paragraph at lines 390--439

 []


Underfull \hbox (badness 10000) in paragraph at lines 390--439

 []


Underfull \hbox (badness 10000) in paragraph at lines 390--439

 []


Underfull \hbox (badness 10000) in paragraph at lines 390--439

 []


Underfull \hbox (badness 10000) in paragraph at lines 390--439

 []

[12] [13]
Underfull \hbox (badness 10000) in paragraph at lines 457--482

 []


Underfull \hbox (badness 10000) in paragraph at lines 457--482

 []


Underfull \hbox (badness 10000) in paragraph at lines 457--482

 []


Underfull \hbox (badness 10000) in paragraph at lines 457--482

 []


Underfull \hbox (badness 10000) in paragraph at lines 457--482

 []


Underfull \hbox (badness 10000) in paragraph at lines 457--482

 []


Underfull \hbox (badness 10000) in paragraph at lines 457--482

 []

[14]
Underfull \hbox (badness 10000) in paragraph at lines 501--533

 []


Underfull \hbox (badness 10000) in paragraph at lines 501--533

 []


Underfull \hbox (badness 10000) in paragraph at lines 501--533

 []


Underfull \hbox (badness 10000) in paragraph at lines 501--533

 []


Underfull \hbox (badness 10000) in paragraph at lines 501--533

 []


Underfull \hbox (badness 10000) in paragraph at lines 501--533

 []


Underfull \hbox (badness 10000) in paragraph at lines 501--533

 []


Underfull \hbox (badness 10000) in paragraph at lines 501--533

 []


Underfull \hbox (badness 10000) in paragraph at lines 501--533

 []


Underfull \hbox (badness 10000) in paragraph at lines 534--542

 []


Underfull \hbox (badness 10000) in paragraph at lines 534--542

 []


Underfull \hbox (badness 10000) in paragraph at lines 534--542

 []

[15] [16]
Underfull \hbox (badness 10000) in paragraph at lines 560--590

 []


Underfull \hbox (badness 10000) in paragraph at lines 560--590

 []


Underfull \hbox (badness 10000) in paragraph at lines 560--590

 []


Underfull \hbox (badness 10000) in paragraph at lines 560--590

 []


Underfull \hbox (badness 10000) in paragraph at lines 560--590

 []


Underfull \hbox (badness 10000) in paragraph at lines 560--590

 []


Underfull \hbox (badness 10000) in paragraph at lines 560--590

 []


Underfull \hbox (badness 10000) in paragraph at lines 560--590

 []


Underfull \hbox (badness 10000) in paragraph at lines 560--590

 []

[17]
Underfull \hbox (badness 10000) in paragraph at lines 609--646

 []


Underfull \hbox (badness 10000) in paragraph at lines 609--646

 []


Underfull \hbox (badness 10000) in paragraph at lines 609--646

 []


Underfull \hbox (badness 10000) in paragraph at lines 609--646

 []


Underfull \hbox (badness 10000) in paragraph at lines 609--646

 []


Underfull \hbox (badness 10000) in paragraph at lines 609--646

 []


Underfull \hbox (badness 10000) in paragraph at lines 609--646

 []


Underfull \hbox (badness 10000) in paragraph at lines 609--646

 []


Underfull \hbox (badness 10000) in paragraph at lines 609--646

 []


Underfull \hbox (badness 10000) in paragraph at lines 609--646

 []


Underfull \hbox (badness 10000) in paragraph at lines 609--646

 []

[18] [19]
Underfull \hbox (badness 10000) in paragraph at lines 663--677

 []


Underfull \hbox (badness 10000) in paragraph at lines 663--677

 []


Underfull \hbox (badness 10000) in paragraph at lines 663--677

 []


Underfull \hbox (badness 10000) in paragraph at lines 663--677

 []


Underfull \hbox (badness 10000) in paragraph at lines 663--677

 []

[20]
Underfull \hbox (badness 10000) in paragraph at lines 703--709

 []


Underfull \hbox (badness 10000) in paragraph at lines 711--717

 []


Underfull \hbox (badness 10000) in paragraph at lines 711--717

 []


Underfull \hbox (badness 10000) in paragraph at lines 711--717

 []

[21]
Underfull \hbox (badness 10000) in paragraph at lines 739--755

 []


Underfull \hbox (badness 10000) in paragraph at lines 739--755

 []


Underfull \hbox (badness 10000) in paragraph at lines 739--755

 []

[22] <ER_Diagram.png, id=80, 722.7pt x 542.025pt>
File: ER_Diagram.png Graphic file (type png)
 <use ER_Diagram.png>
Package pdftex.def Info: ER_Diagram.png used on input line 780.
(pdftex.def)             Requested size: 542.02367pt x 406.51775pt.

Overfull \hbox (72.26865pt too wide) in paragraph at lines 780--781
 [] 
 []

[23 <./ER_Diagram.png>] (./DatabaseTableDescriptions.aux) ) 
Here is how much of TeX's memory you used:
 2332 strings out of 493089
 34899 string characters out of 6134842
 105172 words of memory out of 5000000
 5796 multiletter control sequences out of 15000+600000
 10220 words of font info for 36 fonts, out of 8000000 for 9000
 1141 hyphenation exceptions out of 8191
 38i,5n,32p,273b,245s stack positions out of 5000i,500n,10000p,200000b,80000s
</usr/local/texlive/
2015/texmf-dist/fonts/type1/public/amsfonts/cm/cmbx12.pfb></usr/local/texlive/2
015/texmf-dist/fonts/type1/public/amsfonts/cm/cmcsc10.pfb></usr/local/texlive/2
015/texmf-dist/fonts/type1/public/amsfonts/cm/cmr12.pfb></usr/local/texlive/201
5/texmf-dist/fonts/type1/public/amsfonts/cm/cmti12.pfb></usr/local/texlive/2015
/texmf-dist/fonts/type1/public/amsfonts/cm/cmtt12.pfb>
Output written on DatabaseTableDescriptions.pdf (24 pages, 157392 bytes).
PDF statistics:
 104 PDF objects out of 1000 (max. 8388607)
 70 compressed objects within 1 object stream
 0 named destinations out of 1000 (max. 500000)
 6 words of extra memory for PDF output out of 10000 (max. 10000000)

